2012/12/25 11:56:11 [error] [php] date(): It is not safe to rely on the system's timezone settings. You are *required* to use the date.timezone setting or the date_default_timezone_set() function. In case you used any of those methods and you are still getting this warning, you most likely misspelled the timezone identifier. We selected 'Europe/Moscow' for 'MSK/4.0/no DST' instead (/Users/denisobukhov/projects/oggettoquiz/quiz/protected/views/layouts/main.php:51)
Stack trace:
#0 /Users/denisobukhov/projects/oggettoquiz/framework/web/CBaseController.php(96): SiteController->renderInternal()
#1 /Users/denisobukhov/projects/oggettoquiz/framework/web/widgets/CContentDecorator.php(77): SiteController->renderFile()
#2 /Users/denisobukhov/projects/oggettoquiz/framework/web/widgets/CContentDecorator.php(55): CContentDecorator->decorate()
#3 /Users/denisobukhov/projects/oggettoquiz/framework/web/widgets/COutputProcessor.php(45): CContentDecorator->processOutput()
#4 /Users/denisobukhov/projects/oggettoquiz/framework/web/CBaseController.php(207): CContentDecorator->run()
#5 /Users/denisobukhov/projects/oggettoquiz/framework/web/CBaseController.php(301): SiteController->endWidget()
#6 /Users/denisobukhov/projects/oggettoquiz/quiz/protected/views/layouts/column1.php(6): SiteController->endContent()
#7 /Users/denisobukhov/projects/oggettoquiz/framework/web/CBaseController.php(127): require()
#8 /Users/denisobukhov/projects/oggettoquiz/framework/web/CBaseController.php(96): SiteController->renderInternal()
#9 /Users/denisobukhov/projects/oggettoquiz/framework/web/CController.php(785): SiteController->renderFile()
#10 /Users/denisobukhov/projects/oggettoquiz/quiz/protected/controllers/SiteController.php(32): SiteController->render()
#11 /Users/denisobukhov/projects/oggettoquiz/framework/web/actions/CInlineAction.php(50): SiteController->actionIndex()
#12 /Users/denisobukhov/projects/oggettoquiz/framework/web/CController.php(309): CInlineAction->runWithParams()
#13 /Users/denisobukhov/projects/oggettoquiz/framework/web/CController.php(287): SiteController->runAction()
#14 /Users/denisobukhov/projects/oggettoquiz/framework/web/CController.php(266): SiteController->runActionWithFilters()
#15 /Users/denisobukhov/projects/oggettoquiz/framework/web/CWebApplication.php(283): SiteController->run()
#16 /Users/denisobukhov/projects/oggettoquiz/framework/web/CWebApplication.php(142): CWebApplication->runController()
#17 /Users/denisobukhov/projects/oggettoquiz/framework/base/CApplication.php(162): CWebApplication->processRequest()
#18 /Users/denisobukhov/projects/oggettoquiz/quiz/index.php(13): CWebApplication->run()
REQUEST_URI=/quiz/
in /Users/denisobukhov/projects/oggettoquiz/quiz/protected/views/layouts/main.php (51)
in /Users/denisobukhov/projects/oggettoquiz/quiz/protected/views/layouts/column1.php (6)
in /Users/denisobukhov/projects/oggettoquiz/quiz/protected/controllers/SiteController.php (32)
2012/12/25 11:56:33 [error] [php] date(): It is not safe to rely on the system's timezone settings. You are *required* to use the date.timezone setting or the date_default_timezone_set() function. In case you used any of those methods and you are still getting this warning, you most likely misspelled the timezone identifier. We selected 'Europe/Moscow' for 'MSK/4.0/no DST' instead (/Users/denisobukhov/projects/oggettoquiz/quiz/protected/views/layouts/main.php:51)
Stack trace:
#0 /Users/denisobukhov/projects/oggettoquiz/framework/web/CBaseController.php(96): SiteController->renderInternal()
#1 /Users/denisobukhov/projects/oggettoquiz/framework/web/widgets/CContentDecorator.php(77): SiteController->renderFile()
#2 /Users/denisobukhov/projects/oggettoquiz/framework/web/widgets/CContentDecorator.php(55): CContentDecorator->decorate()
#3 /Users/denisobukhov/projects/oggettoquiz/framework/web/widgets/COutputProcessor.php(45): CContentDecorator->processOutput()
#4 /Users/denisobukhov/projects/oggettoquiz/framework/web/CBaseController.php(207): CContentDecorator->run()
#5 /Users/denisobukhov/projects/oggettoquiz/framework/web/CBaseController.php(301): SiteController->endWidget()
#6 /Users/denisobukhov/projects/oggettoquiz/quiz/protected/views/layouts/column1.php(6): SiteController->endContent()
#7 /Users/denisobukhov/projects/oggettoquiz/framework/web/CBaseController.php(127): require()
#8 /Users/denisobukhov/projects/oggettoquiz/framework/web/CBaseController.php(96): SiteController->renderInternal()
#9 /Users/denisobukhov/projects/oggettoquiz/framework/web/CController.php(785): SiteController->renderFile()
#10 /Users/denisobukhov/projects/oggettoquiz/quiz/protected/controllers/SiteController.php(32): SiteController->render()
#11 /Users/denisobukhov/projects/oggettoquiz/framework/web/actions/CInlineAction.php(50): SiteController->actionIndex()
#12 /Users/denisobukhov/projects/oggettoquiz/framework/web/CController.php(309): CInlineAction->runWithParams()
#13 /Users/denisobukhov/projects/oggettoquiz/framework/web/CController.php(287): SiteController->runAction()
#14 /Users/denisobukhov/projects/oggettoquiz/framework/web/CController.php(266): SiteController->runActionWithFilters()
#15 /Users/denisobukhov/projects/oggettoquiz/framework/web/CWebApplication.php(283): SiteController->run()
#16 /Users/denisobukhov/projects/oggettoquiz/framework/web/CWebApplication.php(142): CWebApplication->runController()
#17 /Users/denisobukhov/projects/oggettoquiz/framework/base/CApplication.php(162): CWebApplication->processRequest()
#18 /Users/denisobukhov/projects/oggettoquiz/quiz/index.php(13): CWebApplication->run()
REQUEST_URI=/quiz/
in /Users/denisobukhov/projects/oggettoquiz/quiz/protected/views/layouts/main.php (51)
in /Users/denisobukhov/projects/oggettoquiz/quiz/protected/views/layouts/column1.php (6)
in /Users/denisobukhov/projects/oggettoquiz/quiz/protected/controllers/SiteController.php (32)
2012/12/25 11:57:57 [error] [php] date(): It is not safe to rely on the system's timezone settings. You are *required* to use the date.timezone setting or the date_default_timezone_set() function. In case you used any of those methods and you are still getting this warning, you most likely misspelled the timezone identifier. We selected 'Europe/Moscow' for 'MSK/4.0/no DST' instead (/Users/denisobukhov/projects/oggettoquiz/quiz/protected/views/layouts/main.php:51)
Stack trace:
#0 /Users/denisobukhov/projects/oggettoquiz/framework/web/CBaseController.php(96): SiteController->renderInternal()
#1 /Users/denisobukhov/projects/oggettoquiz/framework/web/widgets/CContentDecorator.php(77): SiteController->renderFile()
#2 /Users/denisobukhov/projects/oggettoquiz/framework/web/widgets/CContentDecorator.php(55): CContentDecorator->decorate()
#3 /Users/denisobukhov/projects/oggettoquiz/framework/web/widgets/COutputProcessor.php(45): CContentDecorator->processOutput()
#4 /Users/denisobukhov/projects/oggettoquiz/framework/web/CBaseController.php(207): CContentDecorator->run()
#5 /Users/denisobukhov/projects/oggettoquiz/framework/web/CBaseController.php(301): SiteController->endWidget()
#6 /Users/denisobukhov/projects/oggettoquiz/quiz/protected/views/layouts/column1.php(6): SiteController->endContent()
#7 /Users/denisobukhov/projects/oggettoquiz/framework/web/CBaseController.php(127): require()
#8 /Users/denisobukhov/projects/oggettoquiz/framework/web/CBaseController.php(96): SiteController->renderInternal()
#9 /Users/denisobukhov/projects/oggettoquiz/framework/web/CController.php(785): SiteController->renderFile()
#10 /Users/denisobukhov/projects/oggettoquiz/quiz/protected/controllers/SiteController.php(32): SiteController->render()
#11 /Users/denisobukhov/projects/oggettoquiz/framework/web/actions/CInlineAction.php(50): SiteController->actionIndex()
#12 /Users/denisobukhov/projects/oggettoquiz/framework/web/CController.php(309): CInlineAction->runWithParams()
#13 /Users/denisobukhov/projects/oggettoquiz/framework/web/CController.php(287): SiteController->runAction()
#14 /Users/denisobukhov/projects/oggettoquiz/framework/web/CController.php(266): SiteController->runActionWithFilters()
#15 /Users/denisobukhov/projects/oggettoquiz/framework/web/CWebApplication.php(283): SiteController->run()
#16 /Users/denisobukhov/projects/oggettoquiz/framework/web/CWebApplication.php(142): CWebApplication->runController()
#17 /Users/denisobukhov/projects/oggettoquiz/framework/base/CApplication.php(162): CWebApplication->processRequest()
#18 /Users/denisobukhov/projects/oggettoquiz/quiz/index.php(13): CWebApplication->run()
REQUEST_URI=/quiz/
2012/12/25 11:57:59 [error] [php] date(): It is not safe to rely on the system's timezone settings. You are *required* to use the date.timezone setting or the date_default_timezone_set() function. In case you used any of those methods and you are still getting this warning, you most likely misspelled the timezone identifier. We selected 'Europe/Moscow' for 'MSK/4.0/no DST' instead (/Users/denisobukhov/projects/oggettoquiz/quiz/protected/views/layouts/main.php:51)
Stack trace:
#0 /Users/denisobukhov/projects/oggettoquiz/framework/web/CBaseController.php(96): SiteController->renderInternal()
#1 /Users/denisobukhov/projects/oggettoquiz/framework/web/widgets/CContentDecorator.php(77): SiteController->renderFile()
#2 /Users/denisobukhov/projects/oggettoquiz/framework/web/widgets/CContentDecorator.php(55): CContentDecorator->decorate()
#3 /Users/denisobukhov/projects/oggettoquiz/framework/web/widgets/COutputProcessor.php(45): CContentDecorator->processOutput()
#4 /Users/denisobukhov/projects/oggettoquiz/framework/web/CBaseController.php(207): CContentDecorator->run()
#5 /Users/denisobukhov/projects/oggettoquiz/framework/web/CBaseController.php(301): SiteController->endWidget()
#6 /Users/denisobukhov/projects/oggettoquiz/quiz/protected/views/layouts/column1.php(6): SiteController->endContent()
#7 /Users/denisobukhov/projects/oggettoquiz/framework/web/CBaseController.php(127): require()
#8 /Users/denisobukhov/projects/oggettoquiz/framework/web/CBaseController.php(96): SiteController->renderInternal()
#9 /Users/denisobukhov/projects/oggettoquiz/framework/web/CController.php(785): SiteController->renderFile()
#10 /Users/denisobukhov/projects/oggettoquiz/quiz/protected/controllers/SiteController.php(32): SiteController->render()
#11 /Users/denisobukhov/projects/oggettoquiz/framework/web/actions/CInlineAction.php(50): SiteController->actionIndex()
#12 /Users/denisobukhov/projects/oggettoquiz/framework/web/CController.php(309): CInlineAction->runWithParams()
#13 /Users/denisobukhov/projects/oggettoquiz/framework/web/CController.php(287): SiteController->runAction()
#14 /Users/denisobukhov/projects/oggettoquiz/framework/web/CController.php(266): SiteController->runActionWithFilters()
#15 /Users/denisobukhov/projects/oggettoquiz/framework/web/CWebApplication.php(283): SiteController->run()
#16 /Users/denisobukhov/projects/oggettoquiz/framework/web/CWebApplication.php(142): CWebApplication->runController()
#17 /Users/denisobukhov/projects/oggettoquiz/framework/base/CApplication.php(162): CWebApplication->processRequest()
#18 /Users/denisobukhov/projects/oggettoquiz/quiz/index.php(13): CWebApplication->run()
REQUEST_URI=/quiz/
2012/12/25 11:58:08 [error] [php] date(): It is not safe to rely on the system's timezone settings. You are *required* to use the date.timezone setting or the date_default_timezone_set() function. In case you used any of those methods and you are still getting this warning, you most likely misspelled the timezone identifier. We selected 'Europe/Moscow' for 'MSK/4.0/no DST' instead (/Users/denisobukhov/projects/oggettoquiz/quiz/protected/views/layouts/main.php:51)
Stack trace:
#0 /Users/denisobukhov/projects/oggettoquiz/framework/web/CBaseController.php(96): SiteController->renderInternal()
#1 /Users/denisobukhov/projects/oggettoquiz/framework/web/widgets/CContentDecorator.php(77): SiteController->renderFile()
#2 /Users/denisobukhov/projects/oggettoquiz/framework/web/widgets/CContentDecorator.php(55): CContentDecorator->decorate()
#3 /Users/denisobukhov/projects/oggettoquiz/framework/web/widgets/COutputProcessor.php(45): CContentDecorator->processOutput()
#4 /Users/denisobukhov/projects/oggettoquiz/framework/web/CBaseController.php(207): CContentDecorator->run()
#5 /Users/denisobukhov/projects/oggettoquiz/framework/web/CBaseController.php(301): SiteController->endWidget()
#6 /Users/denisobukhov/projects/oggettoquiz/quiz/protected/views/layouts/column1.php(6): SiteController->endContent()
#7 /Users/denisobukhov/projects/oggettoquiz/framework/web/CBaseController.php(127): require()
#8 /Users/denisobukhov/projects/oggettoquiz/framework/web/CBaseController.php(96): SiteController->renderInternal()
#9 /Users/denisobukhov/projects/oggettoquiz/framework/web/CController.php(785): SiteController->renderFile()
#10 /Users/denisobukhov/projects/oggettoquiz/quiz/protected/controllers/SiteController.php(32): SiteController->render()
#11 /Users/denisobukhov/projects/oggettoquiz/framework/web/actions/CInlineAction.php(50): SiteController->actionIndex()
#12 /Users/denisobukhov/projects/oggettoquiz/framework/web/CController.php(309): CInlineAction->runWithParams()
#13 /Users/denisobukhov/projects/oggettoquiz/framework/web/CController.php(287): SiteController->runAction()
#14 /Users/denisobukhov/projects/oggettoquiz/framework/web/CController.php(266): SiteController->runActionWithFilters()
#15 /Users/denisobukhov/projects/oggettoquiz/framework/web/CWebApplication.php(283): SiteController->run()
#16 /Users/denisobukhov/projects/oggettoquiz/framework/web/CWebApplication.php(142): CWebApplication->runController()
#17 /Users/denisobukhov/projects/oggettoquiz/framework/base/CApplication.php(162): CWebApplication->processRequest()
#18 /Users/denisobukhov/projects/oggettoquiz/quiz/index.php(13): CWebApplication->run()
REQUEST_URI=/quiz/
in /Users/denisobukhov/projects/oggettoquiz/quiz/protected/views/layouts/main.php (51)
in /Users/denisobukhov/projects/oggettoquiz/quiz/protected/views/layouts/column1.php (6)
in /Users/denisobukhov/projects/oggettoquiz/quiz/protected/controllers/SiteController.php (32)
2012/12/25 12:15:53 [error] [exception.CException] exception 'CException' with message 'Alias "bootstrap.components.Bootstrap" is invalid. Make sure it points to an existing directory or file.' in /Users/denisobukhov/projects/oggettoquiz/framework/YiiBase.php:343
Stack trace:
#0 /Users/denisobukhov/projects/oggettoquiz/framework/YiiBase.php(198): YiiBase::import('bootstrap.compo...', true)
#1 /Users/denisobukhov/projects/oggettoquiz/framework/base/CModule.php(387): YiiBase::createComponent(Array)
#2 /Users/denisobukhov/projects/oggettoquiz/framework/base/CModule.php(493): CModule->getComponent('bootstrap')
#3 /Users/denisobukhov/projects/oggettoquiz/framework/base/CApplication.php(146): CModule->preloadComponents()
#4 /Users/denisobukhov/projects/oggettoquiz/framework/YiiBase.php(127): CApplication->__construct(Array)
#5 /Users/denisobukhov/projects/oggettoquiz/framework/YiiBase.php(100): YiiBase::createApplication('CWebApplication', Array)
#6 /Users/denisobukhov/projects/oggettoquiz/quiz/index.php(15): YiiBase::createWebApplication(Array)
#7 {main}
REQUEST_URI=/quiz/index.php?r=site/login
HTTP_REFERER=http://quiz.local/quiz/index.php?r=site/index
---
2012/12/25 12:36:23 [error] [exception.CException] exception 'CException' with message 'Alias "admin.AdminModule" is invalid. Make sure it points to an existing PHP file and the file is readable.' in /Users/denisobukhov/projects/oggettoquiz/framework/YiiBase.php:318
Stack trace:
#0 /Users/denisobukhov/projects/oggettoquiz/framework/YiiBase.php(198): YiiBase::import('admin.AdminModu...', true)
#1 /Users/denisobukhov/projects/oggettoquiz/framework/base/CModule.php(283): YiiBase::createComponent('admin.AdminModu...', 'admin', NULL, Array)
#2 /Users/denisobukhov/projects/oggettoquiz/framework/web/CWebApplication.php(338): CModule->getModule('admin')
#3 /Users/denisobukhov/projects/oggettoquiz/framework/web/CWebApplication.php(277): CWebApplication->createController('admin/index')
#4 /Users/denisobukhov/projects/oggettoquiz/framework/web/CWebApplication.php(142): CWebApplication->runController('admin/index')
#5 /Users/denisobukhov/projects/oggettoquiz/framework/base/CApplication.php(162): CWebApplication->processRequest()
#6 /Users/denisobukhov/projects/oggettoquiz/quiz/index.php(15): CApplication->run()
#7 {main}
REQUEST_URI=/admin
---
2012/12/25 12:41:45 [error] [exception.CHttpException.404] exception 'CHttpException' with message 'Unable to resolve the request "admin/index".' in /Users/denisobukhov/projects/oggettoquiz/framework/web/CWebApplication.php:287
Stack trace:
#0 /Users/denisobukhov/projects/oggettoquiz/framework/web/CWebApplication.php(142): CWebApplication->runController('admin/index')
#1 /Users/denisobukhov/projects/oggettoquiz/framework/base/CApplication.php(162): CWebApplication->processRequest()
#2 /Users/denisobukhov/projects/oggettoquiz/quiz/index.php(15): CApplication->run()
#3 {main}
REQUEST_URI=/admin
---
2012/12/25 12:43:41 [error] [exception.CHttpException.403] exception 'CHttpException' with message 'You are not authorized to perform this action.' in /Users/denisobukhov/projects/oggettoquiz/framework/web/auth/CAccessControlFilter.php:170
Stack trace:
#0 /Users/denisobukhov/projects/oggettoquiz/framework/web/auth/CAccessControlFilter.php(133): CAccessControlFilter->accessDenied(Object(CWebUser), 'You are not aut...')
#1 /Users/denisobukhov/projects/oggettoquiz/framework/web/filters/CFilter.php(39): CAccessControlFilter->preFilter(Object(CFilterChain))
#2 /Users/denisobukhov/projects/oggettoquiz/framework/web/CController.php(1146): CFilter->filter(Object(CFilterChain))
#3 /Users/denisobukhov/projects/oggettoquiz/framework/web/filters/CInlineFilter.php(59): CController->filterAccessControl(Object(CFilterChain))
#4 /Users/denisobukhov/projects/oggettoquiz/framework/web/filters/CFilterChain.php(131): CInlineFilter->filter(Object(CFilterChain))
#5 /Users/denisobukhov/projects/oggettoquiz/framework/web/CController.php(292): CFilterChain->run()
#6 /Users/denisobukhov/projects/oggettoquiz/framework/web/CController.php(266): CController->runActionWithFilters(Object(CInlineAction), Array)
#7 /Users/denisobukhov/projects/oggettoquiz/framework/web/CWebApplication.php(283): CController->run('')
#8 /Users/denisobukhov/projects/oggettoquiz/framework/web/CWebApplication.php(142): CWebApplication->runController('admin/index')
#9 /Users/denisobukhov/projects/oggettoquiz/framework/base/CApplication.php(162): CWebApplication->processRequest()
#10 /Users/denisobukhov/projects/oggettoquiz/quiz/index.php(15): CApplication->run()
#11 {main}
REQUEST_URI=/admin
HTTP_REFERER=http://quiz.local/index.php/site/login
---
2012/12/25 12:43:46 [error] [exception.CHttpException.403] exception 'CHttpException' with message 'You are not authorized to perform this action.' in /Users/denisobukhov/projects/oggettoquiz/framework/web/auth/CAccessControlFilter.php:170
Stack trace:
#0 /Users/denisobukhov/projects/oggettoquiz/framework/web/auth/CAccessControlFilter.php(133): CAccessControlFilter->accessDenied(Object(CWebUser), 'You are not aut...')
#1 /Users/denisobukhov/projects/oggettoquiz/framework/web/filters/CFilter.php(39): CAccessControlFilter->preFilter(Object(CFilterChain))
#2 /Users/denisobukhov/projects/oggettoquiz/framework/web/CController.php(1146): CFilter->filter(Object(CFilterChain))
#3 /Users/denisobukhov/projects/oggettoquiz/framework/web/filters/CInlineFilter.php(59): CController->filterAccessControl(Object(CFilterChain))
#4 /Users/denisobukhov/projects/oggettoquiz/framework/web/filters/CFilterChain.php(131): CInlineFilter->filter(Object(CFilterChain))
#5 /Users/denisobukhov/projects/oggettoquiz/framework/web/CController.php(292): CFilterChain->run()
#6 /Users/denisobukhov/projects/oggettoquiz/framework/web/CController.php(266): CController->runActionWithFilters(Object(CInlineAction), Array)
#7 /Users/denisobukhov/projects/oggettoquiz/framework/web/CWebApplication.php(283): CController->run('')
#8 /Users/denisobukhov/projects/oggettoquiz/framework/web/CWebApplication.php(142): CWebApplication->runController('admin/index')
#9 /Users/denisobukhov/projects/oggettoquiz/framework/base/CApplication.php(162): CWebApplication->processRequest()
#10 /Users/denisobukhov/projects/oggettoquiz/quiz/index.php(15): CApplication->run()
#11 {main}
REQUEST_URI=/admin
HTTP_REFERER=http://quiz.local/index.php/site/login
---
2012/12/25 12:47:01 [error] [exception.CHttpException.403] exception 'CHttpException' with message 'You are not authorized to perform this action.' in /Users/denisobukhov/projects/oggettoquiz/framework/web/auth/CAccessControlFilter.php:170
Stack trace:
#0 /Users/denisobukhov/projects/oggettoquiz/framework/web/auth/CAccessControlFilter.php(133): CAccessControlFilter->accessDenied(Object(CWebUser), 'You are not aut...')
#1 /Users/denisobukhov/projects/oggettoquiz/framework/web/filters/CFilter.php(39): CAccessControlFilter->preFilter(Object(CFilterChain))
#2 /Users/denisobukhov/projects/oggettoquiz/framework/web/CController.php(1146): CFilter->filter(Object(CFilterChain))
#3 /Users/denisobukhov/projects/oggettoquiz/framework/web/filters/CInlineFilter.php(59): CController->filterAccessControl(Object(CFilterChain))
#4 /Users/denisobukhov/projects/oggettoquiz/framework/web/filters/CFilterChain.php(131): CInlineFilter->filter(Object(CFilterChain))
#5 /Users/denisobukhov/projects/oggettoquiz/framework/web/CController.php(292): CFilterChain->run()
#6 /Users/denisobukhov/projects/oggettoquiz/framework/web/CController.php(266): CController->runActionWithFilters(Object(CInlineAction), Array)
#7 /Users/denisobukhov/projects/oggettoquiz/framework/web/CWebApplication.php(283): CController->run('')
#8 /Users/denisobukhov/projects/oggettoquiz/framework/web/CWebApplication.php(142): CWebApplication->runController('admin/index')
#9 /Users/denisobukhov/projects/oggettoquiz/framework/base/CApplication.php(162): CWebApplication->processRequest()
#10 /Users/denisobukhov/projects/oggettoquiz/quiz/index.php(15): CApplication->run()
#11 {main}
REQUEST_URI=/admin
---
2012/12/25 12:49:55 [error] [exception.CHttpException.403] exception 'CHttpException' with message 'You are not authorized to perform this action.' in /Users/denisobukhov/projects/oggettoquiz/framework/web/auth/CAccessControlFilter.php:170
Stack trace:
#0 /Users/denisobukhov/projects/oggettoquiz/framework/web/auth/CAccessControlFilter.php(133): CAccessControlFilter->accessDenied(Object(CWebUser), 'You are not aut...')
#1 /Users/denisobukhov/projects/oggettoquiz/framework/web/filters/CFilter.php(39): CAccessControlFilter->preFilter(Object(CFilterChain))
#2 /Users/denisobukhov/projects/oggettoquiz/framework/web/CController.php(1146): CFilter->filter(Object(CFilterChain))
#3 /Users/denisobukhov/projects/oggettoquiz/framework/web/filters/CInlineFilter.php(59): CController->filterAccessControl(Object(CFilterChain))
#4 /Users/denisobukhov/projects/oggettoquiz/framework/web/filters/CFilterChain.php(131): CInlineFilter->filter(Object(CFilterChain))
#5 /Users/denisobukhov/projects/oggettoquiz/framework/web/CController.php(292): CFilterChain->run()
#6 /Users/denisobukhov/projects/oggettoquiz/framework/web/CController.php(266): CController->runActionWithFilters(Object(CInlineAction), Array)
#7 /Users/denisobukhov/projects/oggettoquiz/framework/web/CWebApplication.php(283): CController->run('')
#8 /Users/denisobukhov/projects/oggettoquiz/framework/web/CWebApplication.php(142): CWebApplication->runController('admin/index')
#9 /Users/denisobukhov/projects/oggettoquiz/framework/base/CApplication.php(162): CWebApplication->processRequest()
#10 /Users/denisobukhov/projects/oggettoquiz/quiz/index.php(15): CApplication->run()
#11 {main}
REQUEST_URI=/admin
---
2012/12/25 12:51:16 [error] [exception.CHttpException.403] exception 'CHttpException' with message 'You are not authorized to perform this action.' in /Users/denisobukhov/projects/oggettoquiz/framework/web/auth/CAccessControlFilter.php:170
Stack trace:
#0 /Users/denisobukhov/projects/oggettoquiz/framework/web/auth/CAccessControlFilter.php(133): CAccessControlFilter->accessDenied(Object(CWebUser), 'You are not aut...')
#1 /Users/denisobukhov/projects/oggettoquiz/framework/web/filters/CFilter.php(39): CAccessControlFilter->preFilter(Object(CFilterChain))
#2 /Users/denisobukhov/projects/oggettoquiz/framework/web/CController.php(1146): CFilter->filter(Object(CFilterChain))
#3 /Users/denisobukhov/projects/oggettoquiz/framework/web/filters/CInlineFilter.php(59): CController->filterAccessControl(Object(CFilterChain))
#4 /Users/denisobukhov/projects/oggettoquiz/framework/web/filters/CFilterChain.php(131): CInlineFilter->filter(Object(CFilterChain))
#5 /Users/denisobukhov/projects/oggettoquiz/framework/web/CController.php(292): CFilterChain->run()
#6 /Users/denisobukhov/projects/oggettoquiz/framework/web/CController.php(266): CController->runActionWithFilters(Object(CInlineAction), Array)
#7 /Users/denisobukhov/projects/oggettoquiz/framework/web/CWebApplication.php(283): CController->run('')
#8 /Users/denisobukhov/projects/oggettoquiz/framework/web/CWebApplication.php(142): CWebApplication->runController('admin/index')
#9 /Users/denisobukhov/projects/oggettoquiz/framework/base/CApplication.php(162): CWebApplication->processRequest()
#10 /Users/denisobukhov/projects/oggettoquiz/quiz/index.php(15): CApplication->run()
#11 {main}
REQUEST_URI=/admin
---
2012/12/25 12:51:17 [error] [exception.CHttpException.403] exception 'CHttpException' with message 'You are not authorized to perform this action.' in /Users/denisobukhov/projects/oggettoquiz/framework/web/auth/CAccessControlFilter.php:170
Stack trace:
#0 /Users/denisobukhov/projects/oggettoquiz/framework/web/auth/CAccessControlFilter.php(133): CAccessControlFilter->accessDenied(Object(CWebUser), 'You are not aut...')
#1 /Users/denisobukhov/projects/oggettoquiz/framework/web/filters/CFilter.php(39): CAccessControlFilter->preFilter(Object(CFilterChain))
#2 /Users/denisobukhov/projects/oggettoquiz/framework/web/CController.php(1146): CFilter->filter(Object(CFilterChain))
#3 /Users/denisobukhov/projects/oggettoquiz/framework/web/filters/CInlineFilter.php(59): CController->filterAccessControl(Object(CFilterChain))
#4 /Users/denisobukhov/projects/oggettoquiz/framework/web/filters/CFilterChain.php(131): CInlineFilter->filter(Object(CFilterChain))
#5 /Users/denisobukhov/projects/oggettoquiz/framework/web/CController.php(292): CFilterChain->run()
#6 /Users/denisobukhov/projects/oggettoquiz/framework/web/CController.php(266): CController->runActionWithFilters(Object(CInlineAction), Array)
#7 /Users/denisobukhov/projects/oggettoquiz/framework/web/CWebApplication.php(283): CController->run('')
#8 /Users/denisobukhov/projects/oggettoquiz/framework/web/CWebApplication.php(142): CWebApplication->runController('admin/index')
#9 /Users/denisobukhov/projects/oggettoquiz/framework/base/CApplication.php(162): CWebApplication->processRequest()
#10 /Users/denisobukhov/projects/oggettoquiz/quiz/index.php(15): CApplication->run()
#11 {main}
REQUEST_URI=/admin
---
2012/12/25 12:51:25 [error] [exception.CException] exception 'CException' with message 'Property "CWebUser.role" is not defined.' in /Users/denisobukhov/projects/oggettoquiz/framework/base/CComponent.php:131
Stack trace:
#0 /Users/denisobukhov/projects/oggettoquiz/framework/web/auth/CWebUser.php(141): CComponent->__get('role')
#1 /Users/denisobukhov/projects/oggettoquiz/quiz/protected/modules/admin/controllers/IndexController.php(58): CWebUser->__get('role')
#2 /Users/denisobukhov/projects/oggettoquiz/framework/web/actions/CInlineAction.php(50): IndexController->actionIndex()
#3 /Users/denisobukhov/projects/oggettoquiz/framework/web/CController.php(309): CInlineAction->runWithParams(Array)
#4 /Users/denisobukhov/projects/oggettoquiz/framework/web/filters/CFilterChain.php(134): CController->runAction(Object(CInlineAction))
#5 /Users/denisobukhov/projects/oggettoquiz/framework/web/filters/CFilter.php(41): CFilterChain->run()
#6 /Users/denisobukhov/projects/oggettoquiz/framework/web/CController.php(1146): CFilter->filter(Object(CFilterChain))
#7 /Users/denisobukhov/projects/oggettoquiz/framework/web/filters/CInlineFilter.php(59): CController->filterAccessControl(Object(CFilterChain))
#8 /Users/denisobukhov/projects/oggettoquiz/framework/web/filters/CFilterChain.php(131): CInlineFilter->filter(Object(CFilterChain))
#9 /Users/denisobukhov/projects/oggettoquiz/framework/web/CController.php(292): CFilterChain->run()
#10 /Users/denisobukhov/projects/oggettoquiz/framework/web/CController.php(266): CController->runActionWithFilters(Object(CInlineAction), Array)
#11 /Users/denisobukhov/projects/oggettoquiz/framework/web/CWebApplication.php(283): CController->run('')
#12 /Users/denisobukhov/projects/oggettoquiz/framework/web/CWebApplication.php(142): CWebApplication->runController('admin/index')
#13 /Users/denisobukhov/projects/oggettoquiz/framework/base/CApplication.php(162): CWebApplication->processRequest()
#14 /Users/denisobukhov/projects/oggettoquiz/quiz/index.php(15): CApplication->run()
#15 {main}
REQUEST_URI=/admin
---
2012/12/25 14:59:18 [error] [exception.CDbException] exception 'CDbException' with message 'CDbConnection failed to open the DB connection: SQLSTATE[28000] [1045] Access denied for user 'root'@'localhost' (using password: NO)' in /Users/denisobukhov/projects/oggettoquiz/framework/db/CDbConnection.php:382
Stack trace:
#0 /Users/denisobukhov/projects/oggettoquiz/framework/db/CDbConnection.php(331): CDbConnection->open()
#1 /Users/denisobukhov/projects/oggettoquiz/framework/db/CDbConnection.php(309): CDbConnection->setActive(true)
#2 /Users/denisobukhov/projects/oggettoquiz/framework/base/CModule.php(388): CDbConnection->init()
#3 /Users/denisobukhov/projects/oggettoquiz/framework/base/CModule.php(104): CModule->getComponent('db')
#4 /Users/denisobukhov/projects/oggettoquiz/framework/gii/generators/crud/CrudCode.php(44): CModule->__get('db')
#5 /Users/denisobukhov/projects/oggettoquiz/framework/web/CFormModel.php(40): CrudCode->init()
#6 /Users/denisobukhov/projects/oggettoquiz/framework/gii/CCodeGenerator.php(154): CFormModel->__construct()
#7 /Users/denisobukhov/projects/oggettoquiz/framework/gii/CCodeGenerator.php(64): CCodeGenerator->prepare()
#8 /Users/denisobukhov/projects/oggettoquiz/framework/web/actions/CInlineAction.php(50): CCodeGenerator->actionIndex()
#9 /Users/denisobukhov/projects/oggettoquiz/framework/web/CController.php(309): CInlineAction->runWithParams(Array)
#10 /Users/denisobukhov/projects/oggettoquiz/framework/web/CController.php(287): CController->runAction(Object(CInlineAction))
#11 /Users/denisobukhov/projects/oggettoquiz/framework/web/CController.php(266): CController->runActionWithFilters(Object(CInlineAction), Array)
#12 /Users/denisobukhov/projects/oggettoquiz/framework/web/CWebApplication.php(283): CController->run('')
#13 /Users/denisobukhov/projects/oggettoquiz/framework/web/CWebApplication.php(142): CWebApplication->runController('gii/crud')
#14 /Users/denisobukhov/projects/oggettoquiz/framework/base/CApplication.php(162): CWebApplication->processRequest()
#15 /Users/denisobukhov/projects/oggettoquiz/quiz/index.php(15): CApplication->run()
#16 {main}
REQUEST_URI=/index.php/gii/crud
HTTP_REFERER=http://quiz.local/index.php/gii/default/index
---
2012/12/25 14:59:31 [error] [exception.CDbException] exception 'CDbException' with message 'CDbConnection failed to open the DB connection: SQLSTATE[42000] [1049] Unknown database 'testdrive'' in /Users/denisobukhov/projects/oggettoquiz/framework/db/CDbConnection.php:382
Stack trace:
#0 /Users/denisobukhov/projects/oggettoquiz/framework/db/CDbConnection.php(331): CDbConnection->open()
#1 /Users/denisobukhov/projects/oggettoquiz/framework/db/CDbConnection.php(309): CDbConnection->setActive(true)
#2 /Users/denisobukhov/projects/oggettoquiz/framework/base/CModule.php(388): CDbConnection->init()
#3 /Users/denisobukhov/projects/oggettoquiz/framework/base/CModule.php(104): CModule->getComponent('db')
#4 /Users/denisobukhov/projects/oggettoquiz/framework/gii/generators/crud/CrudCode.php(44): CModule->__get('db')
#5 /Users/denisobukhov/projects/oggettoquiz/framework/web/CFormModel.php(40): CrudCode->init()
#6 /Users/denisobukhov/projects/oggettoquiz/framework/gii/CCodeGenerator.php(154): CFormModel->__construct()
#7 /Users/denisobukhov/projects/oggettoquiz/framework/gii/CCodeGenerator.php(64): CCodeGenerator->prepare()
#8 /Users/denisobukhov/projects/oggettoquiz/framework/web/actions/CInlineAction.php(50): CCodeGenerator->actionIndex()
#9 /Users/denisobukhov/projects/oggettoquiz/framework/web/CController.php(309): CInlineAction->runWithParams(Array)
#10 /Users/denisobukhov/projects/oggettoquiz/framework/web/CController.php(287): CController->runAction(Object(CInlineAction))
#11 /Users/denisobukhov/projects/oggettoquiz/framework/web/CController.php(266): CController->runActionWithFilters(Object(CInlineAction), Array)
#12 /Users/denisobukhov/projects/oggettoquiz/framework/web/CWebApplication.php(283): CController->run('')
#13 /Users/denisobukhov/projects/oggettoquiz/framework/web/CWebApplication.php(142): CWebApplication->runController('gii/crud')
#14 /Users/denisobukhov/projects/oggettoquiz/framework/base/CApplication.php(162): CWebApplication->processRequest()
#15 /Users/denisobukhov/projects/oggettoquiz/quiz/index.php(15): CApplication->run()
#16 {main}
REQUEST_URI=/index.php/gii/crud
HTTP_REFERER=http://quiz.local/index.php/gii/default/index
---
2012/12/25 14:59:34 [error] [exception.CDbException] exception 'CDbException' with message 'CDbConnection failed to open the DB connection: SQLSTATE[42000] [1049] Unknown database 'testdrive'' in /Users/denisobukhov/projects/oggettoquiz/framework/db/CDbConnection.php:382
Stack trace:
#0 /Users/denisobukhov/projects/oggettoquiz/framework/db/CDbConnection.php(331): CDbConnection->open()
#1 /Users/denisobukhov/projects/oggettoquiz/framework/db/CDbConnection.php(309): CDbConnection->setActive(true)
#2 /Users/denisobukhov/projects/oggettoquiz/framework/base/CModule.php(388): CDbConnection->init()
#3 /Users/denisobukhov/projects/oggettoquiz/framework/base/CModule.php(104): CModule->getComponent('db')
#4 /Users/denisobukhov/projects/oggettoquiz/framework/gii/generators/crud/CrudCode.php(44): CModule->__get('db')
#5 /Users/denisobukhov/projects/oggettoquiz/framework/web/CFormModel.php(40): CrudCode->init()
#6 /Users/denisobukhov/projects/oggettoquiz/framework/gii/CCodeGenerator.php(154): CFormModel->__construct()
#7 /Users/denisobukhov/projects/oggettoquiz/framework/gii/CCodeGenerator.php(64): CCodeGenerator->prepare()
#8 /Users/denisobukhov/projects/oggettoquiz/framework/web/actions/CInlineAction.php(50): CCodeGenerator->actionIndex()
#9 /Users/denisobukhov/projects/oggettoquiz/framework/web/CController.php(309): CInlineAction->runWithParams(Array)
#10 /Users/denisobukhov/projects/oggettoquiz/framework/web/CController.php(287): CController->runAction(Object(CInlineAction))
#11 /Users/denisobukhov/projects/oggettoquiz/framework/web/CController.php(266): CController->runActionWithFilters(Object(CInlineAction), Array)
#12 /Users/denisobukhov/projects/oggettoquiz/framework/web/CWebApplication.php(283): CController->run('')
#13 /Users/denisobukhov/projects/oggettoquiz/framework/web/CWebApplication.php(142): CWebApplication->runController('gii/crud')
#14 /Users/denisobukhov/projects/oggettoquiz/framework/base/CApplication.php(162): CWebApplication->processRequest()
#15 /Users/denisobukhov/projects/oggettoquiz/quiz/index.php(15): CApplication->run()
#16 {main}
REQUEST_URI=/index.php/gii/crud
HTTP_REFERER=http://quiz.local/index.php/gii/default/index
---
2012/12/25 15:02:29 [error] [exception.CException] exception 'CException' with message 'Alias "admin.models.Section" is invalid. Make sure it points to an existing PHP file and the file is readable.' in /Users/denisobukhov/projects/oggettoquiz/framework/YiiBase.php:318
Stack trace:
#0 /Users/denisobukhov/projects/oggettoquiz/framework/gii/generators/crud/CrudCode.php(59): YiiBase::import('admin.models.Se...', true)
#1 /Users/denisobukhov/projects/oggettoquiz/framework/validators/CInlineValidator.php(43): CrudCode->validateModel('model', Array)
#2 /Users/denisobukhov/projects/oggettoquiz/framework/validators/CValidator.php(214): CInlineValidator->validateAttribute(Object(CrudCode), 'model')
#3 /Users/denisobukhov/projects/oggettoquiz/framework/base/CModel.php(158): CValidator->validate(Object(CrudCode), NULL)
#4 /Users/denisobukhov/projects/oggettoquiz/framework/gii/CCodeGenerator.php(160): CModel->validate()
#5 /Users/denisobukhov/projects/oggettoquiz/framework/gii/CCodeGenerator.php(64): CCodeGenerator->prepare()
#6 /Users/denisobukhov/projects/oggettoquiz/framework/web/actions/CInlineAction.php(50): CCodeGenerator->actionIndex()
#7 /Users/denisobukhov/projects/oggettoquiz/framework/web/CController.php(309): CInlineAction->runWithParams(Array)
#8 /Users/denisobukhov/projects/oggettoquiz/framework/web/CController.php(287): CController->runAction(Object(CInlineAction))
#9 /Users/denisobukhov/projects/oggettoquiz/framework/web/CController.php(266): CController->runActionWithFilters(Object(CInlineAction), Array)
#10 /Users/denisobukhov/projects/oggettoquiz/framework/web/CWebApplication.php(283): CController->run('')
#11 /Users/denisobukhov/projects/oggettoquiz/framework/web/CWebApplication.php(142): CWebApplication->runController('gii/crud')
#12 /Users/denisobukhov/projects/oggettoquiz/framework/base/CApplication.php(162): CWebApplication->processRequest()
#13 /Users/denisobukhov/projects/oggettoquiz/quiz/index.php(15): CApplication->run()
#14 {main}
REQUEST_URI=/index.php/gii/crud
HTTP_REFERER=http://quiz.local/index.php/gii/crud
---
2012/12/25 15:03:37 [error] [exception.CException] exception 'CException' with message 'Alias "application.models.section" is invalid. Make sure it points to an existing PHP file and the file is readable.' in /Users/denisobukhov/projects/oggettoquiz/framework/YiiBase.php:318
Stack trace:
#0 /Users/denisobukhov/projects/oggettoquiz/framework/gii/generators/crud/CrudCode.php(59): YiiBase::import('application.mod...', true)
#1 /Users/denisobukhov/projects/oggettoquiz/framework/validators/CInlineValidator.php(43): CrudCode->validateModel('model', Array)
#2 /Users/denisobukhov/projects/oggettoquiz/framework/validators/CValidator.php(214): CInlineValidator->validateAttribute(Object(CrudCode), 'model')
#3 /Users/denisobukhov/projects/oggettoquiz/framework/base/CModel.php(158): CValidator->validate(Object(CrudCode), NULL)
#4 /Users/denisobukhov/projects/oggettoquiz/framework/gii/CCodeGenerator.php(160): CModel->validate()
#5 /Users/denisobukhov/projects/oggettoquiz/framework/gii/CCodeGenerator.php(64): CCodeGenerator->prepare()
#6 /Users/denisobukhov/projects/oggettoquiz/framework/web/actions/CInlineAction.php(50): CCodeGenerator->actionIndex()
#7 /Users/denisobukhov/projects/oggettoquiz/framework/web/CController.php(309): CInlineAction->runWithParams(Array)
#8 /Users/denisobukhov/projects/oggettoquiz/framework/web/CController.php(287): CController->runAction(Object(CInlineAction))
#9 /Users/denisobukhov/projects/oggettoquiz/framework/web/CController.php(266): CController->runActionWithFilters(Object(CInlineAction), Array)
#10 /Users/denisobukhov/projects/oggettoquiz/framework/web/CWebApplication.php(283): CController->run('')
#11 /Users/denisobukhov/projects/oggettoquiz/framework/web/CWebApplication.php(142): CWebApplication->runController('gii/crud')
#12 /Users/denisobukhov/projects/oggettoquiz/framework/base/CApplication.php(162): CWebApplication->processRequest()
#13 /Users/denisobukhov/projects/oggettoquiz/quiz/index.php(15): CApplication->run()
#14 {main}
REQUEST_URI=/index.php/gii/crud
HTTP_REFERER=http://quiz.local/index.php/gii/crud
---
